#  step      rmse_val    rmse_trn    rmse_e_val  rmse_e_trn    rmse_f_val  rmse_f_trn         lr
# If there is no available reference data, rmse_*_{val,trn} will print nan
      0      1.92e+00    2.26e+00      2.44e-01    4.51e-01      1.66e-01    1.36e-01    1.0e-02
    100      1.35e+00    4.73e-01      7.02e-02    1.21e-02      1.32e-01    4.71e-02    1.0e-02
    200      1.41e+00    1.41e+00      1.47e-01    1.29e-01      1.28e-01    1.32e-01    1.0e-02
    300      1.25e+00    1.83e+00      3.32e-02    1.53e-01      1.24e-01    1.72e-01    1.0e-02
    400      1.19e+00    9.93e-01      1.97e-01    2.24e-01      8.90e-02    4.33e-02    1.0e-02
    500      8.99e-01    5.68e-01      2.41e-03    1.12e-02      8.99e-02    5.67e-02    1.0e-02
    600      1.07e+00    3.55e-01      2.76e-02    7.56e-02      1.07e-01    1.87e-02    1.0e-02
    700      4.12e+00    2.60e+00      1.01e+00    6.30e-01      8.85e-02    6.57e-02    1.0e-02
    800      9.00e-01    4.38e-01      9.26e-02    4.17e-02      8.20e-02    4.05e-02    1.0e-02
    900      8.54e-01    2.79e-01      5.94e-02    3.36e-02      8.21e-02    2.44e-02    1.0e-02
   1000      1.03e+00    2.56e-01      1.07e-01    5.58e-02      9.36e-02    1.25e-02    1.0e-02
   1100      9.33e-01    2.93e-01      1.35e-02    7.10e-03      9.32e-02    2.92e-02    1.0e-02
   1200      7.82e-01    1.95e-01      5.46e-02    2.12e-02      7.51e-02    1.76e-02    1.0e-02
   1300      8.15e-01    3.50e-01      1.47e-02    1.61e-02      8.12e-02    3.44e-02    1.0e-02
   1400      6.94e-01    1.87e-01      7.53e-03    2.39e-02      6.93e-02    1.60e-02    1.0e-02
   1500      9.99e-01    5.73e-01      4.31e-02    3.99e-02      9.84e-02    5.51e-02    1.0e-02
   1600      7.14e-01    3.00e-01      1.60e-02    4.42e-02      7.11e-02    2.42e-02    1.0e-02
   1700      7.43e-01    4.31e-01      9.23e-03    1.17e-02      7.42e-02    4.28e-02    1.0e-02
   1800      7.41e-01    2.77e-01      3.25e-02    2.54e-02      7.29e-02    2.58e-02    1.0e-02
   1900      6.97e-01    5.88e-01      9.12e-03    3.47e-02      6.96e-02    5.71e-02    1.0e-02
   2000      6.54e-01    2.03e-01      3.75e-02    3.08e-02      6.37e-02    1.61e-02    1.0e-02
   2100      8.19e-01    4.93e-01      2.08e-02    1.32e-02      8.15e-02    4.91e-02    1.0e-02
   2200      7.61e-01    2.17e-01      4.51e-03    4.12e-03      7.60e-02    2.16e-02    1.0e-02
   2300      7.45e-01    3.04e-01      2.11e-02    2.79e-02      7.40e-02    2.83e-02    1.0e-02
   2400      7.68e-01    2.10e-01      9.01e-02    1.84e-02      6.78e-02    1.97e-02    1.0e-02
   2500      5.77e-01    2.09e-01      2.40e-02    1.74e-02      5.69e-02    1.97e-02    1.0e-02
   2600      9.95e-01    5.82e-01      9.16e-02    7.07e-02      9.25e-02    5.09e-02    1.0e-02
   2700      7.27e-01    2.41e-01      6.02e-03    4.99e-02      7.26e-02    1.35e-02    1.0e-02
   2800      6.58e-01    4.62e-01      7.25e-03    2.57e-02      6.58e-02    4.51e-02    1.0e-02
   2900      8.14e-01    3.32e-01      2.46e-02    3.07e-02      8.08e-02    3.08e-02    1.0e-02
   3000      8.70e-01    6.55e-01      1.10e-01    6.31e-02      7.50e-02    6.05e-02    1.0e-02
   3100      6.23e-01    4.17e-01      3.44e-02    1.74e-02      6.07e-02    4.11e-02    1.0e-02
   3200      7.11e-01    3.82e-01      4.92e-02    4.37e-02      6.83e-02    3.40e-02    1.0e-02
   3300      7.57e-01    3.14e-01      1.88e-02    3.00e-02      7.53e-02    2.90e-02    1.0e-02
   3400      7.22e-01    7.58e-01      8.04e-02    4.98e-02      6.46e-02    7.32e-02    1.0e-02
   3500      6.67e-01    4.33e-01      4.99e-03    5.72e-03      6.66e-02    4.33e-02    1.0e-02
   3600      6.12e-01    4.12e-01      7.44e-03    8.06e-03      6.11e-02    4.10e-02    1.0e-02
   3700      6.54e-01    4.61e-01      2.80e-02    1.66e-02      6.45e-02    4.56e-02    1.0e-02
   3800      6.38e-01    3.17e-01      1.01e-02    1.26e-02      6.37e-02    3.13e-02    1.0e-02
   3900      6.27e-01    1.30e-01      1.77e-03    8.00e-03      6.27e-02    1.26e-02    1.0e-02
   4000      6.69e-01    2.27e-01      2.87e-02    1.90e-02      6.59e-02    2.14e-02    1.0e-02
   4100      7.40e-01    5.30e-01      2.39e-02    1.64e-02      7.33e-02    5.26e-02    1.0e-02
   4200      6.44e-01    5.45e-01      3.73e-03    2.44e-02      6.43e-02    5.36e-02    1.0e-02
   4300      6.06e-01    8.33e-01      1.52e-02    1.26e-01      6.03e-02    6.63e-02    1.0e-02
   4400      8.18e-01    6.40e-01      4.53e-02    3.97e-02      7.97e-02    6.20e-02    1.0e-02
   4500      6.48e-01    4.12e-01      2.33e-02    1.36e-02      6.41e-02    4.08e-02    1.0e-02
   4600      7.21e-01    2.58e-01      1.62e-02    6.21e-03      7.18e-02    2.57e-02    1.0e-02
   4700      7.44e-01    6.97e-01      5.69e-03    4.36e-02      7.43e-02    6.75e-02    1.0e-02
   4800      7.12e-01    2.79e-01      4.47e-02    3.35e-02      6.89e-02    2.45e-02    1.0e-02
   4900      7.68e-01    3.72e-01      1.53e-02    2.68e-02      7.66e-02    3.56e-02    1.0e-02
   5000      4.12e-01    4.14e-01      3.00e-02    5.81e-02      6.71e-02    5.00e-02    3.2e-03
   5100      3.57e-01    2.00e-01      1.90e-02    9.45e-03      6.03e-02    3.41e-02    3.2e-03
   5200      3.10e-01    1.27e-01      6.95e-03    1.31e-02      5.41e-02    1.89e-02    3.2e-03
   5300      3.38e-01    1.94e-01      1.12e-02    6.91e-03      5.86e-02    3.35e-02    3.2e-03
   5400      2.98e-01    4.73e-02      2.41e-03    3.89e-03      5.24e-02    7.52e-03    3.2e-03
   5500      3.20e-01    1.29e-01      2.26e-02    3.48e-03      5.24e-02    2.25e-02    3.2e-03
   5600      3.21e-01    2.42e-01      8.35e-03    1.79e-02      5.59e-02    3.93e-02    3.2e-03
   5700      3.01e-01    5.28e-02      1.15e-02    3.25e-03      5.20e-02    8.80e-03    3.2e-03
   5800      2.99e-01    1.44e-01      2.24e-03    3.54e-03      5.25e-02    2.50e-02    3.2e-03
   5900      2.77e-01    5.87e-02      6.05e-03    4.09e-03      4.84e-02    9.62e-03    3.2e-03
   6000      2.73e-01    1.70e-01      6.22e-03    6.55e-03      4.77e-02    2.93e-02    3.2e-03
   6100      3.34e-01    1.73e-01      1.84e-02    1.61e-02      5.63e-02    2.65e-02    3.2e-03
   6200      2.97e-01    2.59e-01      1.88e-02    4.30e-02      4.93e-02    2.31e-02    3.2e-03
   6300      2.80e-01    1.78e-01      4.92e-03    3.12e-03      4.90e-02    3.11e-02    3.2e-03
   6400      2.78e-01    9.16e-02      6.13e-03    5.90e-03      4.86e-02    1.52e-02    3.2e-03
   6500      3.10e-01    1.45e-01      2.21e-02    7.25e-03      5.06e-02    2.46e-02    3.2e-03
   6600      2.49e-01    2.21e-01      8.05e-03    6.73e-03      4.32e-02    3.84e-02    3.2e-03
   6700      2.96e-01    1.13e-01      1.14e-02    1.21e-02      5.11e-02    1.66e-02    3.2e-03
   6800      2.89e-01    7.64e-02      1.49e-02    2.04e-03      4.90e-02    1.33e-02    3.2e-03
   6900      2.65e-01    1.14e-01      2.84e-03    1.17e-02      4.66e-02    1.69e-02    3.2e-03
   7000      2.62e-01    1.38e-01      3.31e-03    3.48e-03      4.60e-02    2.42e-02    3.2e-03
   7100      2.76e-01    6.09e-02      9.76e-03    7.57e-03      4.77e-02    8.19e-03    3.2e-03
   7200      2.82e-01    1.20e-01      5.22e-03    9.32e-03      4.93e-02    1.93e-02    3.2e-03
   7300      2.98e-01    9.54e-02      2.02e-02    5.06e-03      4.90e-02    1.61e-02    3.2e-03
   7400      2.71e-01    1.15e-01      9.80e-03    1.41e-02      4.68e-02    1.55e-02    3.2e-03
   7500      2.91e-01    9.52e-02      1.36e-02    4.02e-03      4.96e-02    1.63e-02    3.2e-03
   7600      2.83e-01    1.40e-01      7.78e-03    3.07e-03      4.94e-02    2.44e-02    3.2e-03
   7700      2.70e-01    1.90e-01      6.10e-03    2.51e-02      4.71e-02    2.43e-02    3.2e-03
   7800      2.56e-01    1.53e-01      5.54e-03    1.44e-02      4.47e-02    2.36e-02    3.2e-03
   7900      2.62e-01    1.34e-01      1.65e-02    1.03e-02      4.36e-02    2.16e-02    3.2e-03
   8000      2.41e-01    1.27e-01      7.18e-03    1.92e-02      4.18e-02    1.38e-02    3.2e-03
   8100      2.58e-01    8.93e-02      2.68e-03    8.11e-03      4.53e-02    1.38e-02    3.2e-03
   8200      2.70e-01    8.37e-02      1.06e-02    4.83e-03      4.65e-02    1.41e-02    3.2e-03
   8300      2.95e-01    1.36e-01      6.80e-03    4.29e-03      5.14e-02    2.36e-02    3.2e-03
   8400      2.95e-01    7.33e-02      5.04e-04    8.52e-04      5.19e-02    1.29e-02    3.2e-03
   8500      2.74e-01    1.20e-01      2.10e-02    7.90e-03      4.42e-02    1.99e-02    3.2e-03
   8600      2.61e-01    1.31e-01      9.97e-03    7.14e-03      4.50e-02    2.21e-02    3.2e-03
   8700      5.41e-01    3.83e-01      8.26e-02    6.80e-02      5.81e-02    2.62e-02    3.2e-03
   8800      4.15e-01    2.00e-01      1.85e-02    1.98e-02      7.10e-02    3.01e-02    3.2e-03
   8900      3.00e-01    1.84e-01      9.96e-03    1.44e-02      5.20e-02    2.95e-02    3.2e-03
   9000      2.69e-01    8.92e-02      1.09e-03    9.30e-04      4.74e-02    1.57e-02    3.2e-03
   9100      2.67e-01    1.04e-01      6.22e-03    1.04e-02      4.66e-02    1.57e-02    3.2e-03
   9200      2.51e-01    8.82e-02      1.12e-02    4.35e-03      4.30e-02    1.50e-02    3.2e-03
   9300      2.55e-01    1.36e-01      4.23e-03    1.95e-03      4.47e-02    2.39e-02    3.2e-03
   9400      2.55e-01    2.49e-01      7.33e-03    7.04e-03      4.44e-02    4.33e-02    3.2e-03
   9500      2.72e-01    9.02e-02      1.79e-02    1.08e-03      4.49e-02    1.58e-02    3.2e-03
   9600      2.88e-01    1.85e-01      2.49e-02    2.78e-02      4.53e-02    2.04e-02    3.2e-03
   9700      2.29e-01    1.43e-01      1.04e-02    3.41e-03      3.91e-02    2.50e-02    3.2e-03
   9800      2.31e-01    8.64e-02      7.59e-03    1.09e-02      4.00e-02    1.15e-02    3.2e-03
   9900      2.59e-01    5.53e-02      4.36e-03    2.20e-03      4.53e-02    9.52e-03    3.2e-03
  10000      1.82e-01    1.06e-01      8.51e-03    1.31e-03      5.34e-02    3.19e-02    1.0e-03
